<?xml version="1.0" encoding="UTF-8"?>
<!-- Generated by org.testng.reporters.JUnitXMLReporter -->
<testsuite ignored="0" hostname="DESKTOP-4H5JN6R" failures="0" tests="4" name="Default test" time="45.269" errors="0" timestamp="2024-04-17T01:24:11 PDT">
  <testcase classname="org.pack.TestScript" name="BrowserType" time="3.747"/>
  <testcase classname="org.pack.TestScript" name="UrlLaunch" time="12.903"/>
  <testcase classname="org.pack.TestScript" name="SearchPage" time="3.718"/>
  <testcase classname="org.pack.TestScript" name="Nextpages" time="24.815"/>
</testsuite> <!-- Default test -->
