<?xml version="1.0" encoding="UTF-8"?>
<!-- Generated by org.testng.reporters.JUnitXMLReporter -->
<testsuite ignored="0" hostname="DESKTOP-4H5JN6R" failures="0" tests="4" name="Default test" time="30.74" errors="0" timestamp="2024-04-11T12:14:42 PDT">
  <testcase classname="org.pack.TestScript" name="BrowserType" time="7.878"/>
  <testcase classname="org.pack.TestScript" name="UrlLaunch" time="12.428"/>
  <testcase classname="org.pack.TestScript" name="SearchPage" time="3.406"/>
  <testcase classname="org.pack.TestScript" name="Nextpages" time="6.922"/>
</testsuite> <!-- Default test -->
