<?xml version="1.0" encoding="UTF-8"?>
<!-- Generated by org.testng.reporters.JUnitXMLReporter -->
<testsuite ignored="0" hostname="DESKTOP-4H5JN6R" failures="0" tests="4" name="Test" time="20.666" errors="0" timestamp="2024-04-12T00:05:36 PDT">
  <testcase classname="org.pack.TestScript" name="BrowserType" time="3.969"/>
  <testcase classname="org.pack.TestScript" name="UrlLaunch" time="12.283"/>
  <testcase classname="org.pack.TestScript" name="SearchPage" time="3.488"/>
  <testcase classname="org.pack.TestScript" name="Nextpages" time="0.769"/>
</testsuite> <!-- Test -->
