<?xml version="1.0" encoding="UTF-8"?>
<!-- Generated by org.testng.reporters.JUnitXMLReporter -->
<testsuite ignored="0" hostname="DESKTOP-4H5JN6R" failures="0" tests="4" name="Test" time="41.752" errors="0" timestamp="2024-04-12T00:01:16 PDT">
  <testcase classname="org.pack.TestScript" name="BrowserType" time="3.81"/>
  <testcase classname="org.pack.TestScript" name="UrlLaunch" time="13.118"/>
  <testcase classname="org.pack.TestScript" name="SearchPage" time="3.844"/>
  <testcase classname="org.pack.TestScript" name="Nextpages" time="20.813"/>
</testsuite> <!-- Test -->
