<?xml version="1.0" encoding="UTF-8"?>
<testng-results ignored="0" total="4" passed="4" failed="0" skipped="0">
  <reporter-output>
  </reporter-output>
  <suite started-at="2024-04-12T00:00:35 PDT" name="Suite" finished-at="2024-04-12T00:01:16 PDT" duration-ms="41752">
    <groups>
    </groups>
    <test started-at="2024-04-12T00:00:35 PDT" name="Test" finished-at="2024-04-12T00:01:16 PDT" duration-ms="41752">
      <class name="org.pack.TestScript">
        <test-method signature="BrowserType()[pri:1, instance:org.pack.TestScript@31ea9581]" started-at="2024-04-12T00:00:35 PDT" name="BrowserType" finished-at="2024-04-12T00:00:39 PDT" duration-ms="3810" status="PASS">
          <reporter-output>
          </reporter-output>
        </test-method> <!-- BrowserType -->
        <test-method signature="UrlLaunch()[pri:2, instance:org.pack.TestScript@31ea9581]" started-at="2024-04-12T00:00:39 PDT" name="UrlLaunch" finished-at="2024-04-12T00:00:52 PDT" duration-ms="13118" status="PASS">
          <reporter-output>
          </reporter-output>
        </test-method> <!-- UrlLaunch -->
        <test-method signature="SearchPage()[pri:3, instance:org.pack.TestScript@31ea9581]" started-at="2024-04-12T00:00:52 PDT" name="SearchPage" finished-at="2024-04-12T00:00:56 PDT" duration-ms="3844" status="PASS">
          <reporter-output>
          </reporter-output>
        </test-method> <!-- SearchPage -->
        <test-method signature="Nextpages()[pri:5, instance:org.pack.TestScript@31ea9581]" started-at="2024-04-12T00:00:56 PDT" name="Nextpages" finished-at="2024-04-12T00:01:16 PDT" duration-ms="20813" status="PASS">
          <reporter-output>
          </reporter-output>
        </test-method> <!-- Nextpages -->
      </class> <!-- org.pack.TestScript -->
    </test> <!-- Test -->
  </suite> <!-- Suite -->
</testng-results>
