<?xml version="1.0" encoding="UTF-8"?>
<testng-results ignored="0" total="4" passed="4" failed="0" skipped="0">
  <reporter-output>
  </reporter-output>
  <suite started-at="2024-04-17T01:23:26 PDT" name="Default suite" finished-at="2024-04-17T01:24:11 PDT" duration-ms="45269">
    <groups>
    </groups>
    <test started-at="2024-04-17T01:23:26 PDT" name="Default test" finished-at="2024-04-17T01:24:11 PDT" duration-ms="45269">
      <class name="org.pack.TestScript">
        <test-method signature="BrowserType()[pri:1, instance:org.pack.TestScript@6440112d]" started-at="2024-04-17T01:23:26 PDT" name="BrowserType" finished-at="2024-04-17T01:23:29 PDT" duration-ms="3747" status="PASS">
          <reporter-output>
          </reporter-output>
        </test-method> <!-- BrowserType -->
        <test-method signature="UrlLaunch()[pri:2, instance:org.pack.TestScript@6440112d]" started-at="2024-04-17T01:23:29 PDT" name="UrlLaunch" finished-at="2024-04-17T01:23:42 PDT" duration-ms="12903" status="PASS">
          <reporter-output>
          </reporter-output>
        </test-method> <!-- UrlLaunch -->
        <test-method signature="SearchPage()[pri:3, instance:org.pack.TestScript@6440112d]" started-at="2024-04-17T01:23:42 PDT" name="SearchPage" finished-at="2024-04-17T01:23:46 PDT" duration-ms="3718" status="PASS">
          <reporter-output>
          </reporter-output>
        </test-method> <!-- SearchPage -->
        <test-method signature="Nextpages()[pri:5, instance:org.pack.TestScript@6440112d]" started-at="2024-04-17T01:23:46 PDT" name="Nextpages" finished-at="2024-04-17T01:24:11 PDT" duration-ms="24815" status="PASS">
          <reporter-output>
          </reporter-output>
        </test-method> <!-- Nextpages -->
      </class> <!-- org.pack.TestScript -->
    </test> <!-- Default test -->
  </suite> <!-- Default suite -->
</testng-results>
